c:\users\joan abad\downloads\proyectajeedrezx\proyectajeedrezx\sfml\debug\vc142.pdb
c:\users\joan abad\downloads\proyectajeedrezx\proyectajeedrezx\sfml\debug\vc142.idb
c:\users\joan abad\downloads\proyectajeedrezx\proyectajeedrezx\sfml\debug\sfml.obj
c:\users\joan abad\downloads\proyectajeedrezx\proyectajeedrezx\sfml\debug\playerinput.obj
c:\users\joan abad\downloads\proyectajeedrezx\proyectajeedrezx\sfml\debug\utils.obj
c:\users\joan abad\downloads\proyectajeedrezx\proyectajeedrezx\sfml\debug\torre.obj
c:\users\joan abad\downloads\proyectajeedrezx\proyectajeedrezx\sfml\debug\tablero.obj
c:\users\joan abad\downloads\proyectajeedrezx\proyectajeedrezx\sfml\debug\rey.obj
c:\users\joan abad\downloads\proyectajeedrezx\proyectajeedrezx\sfml\debug\reina.obj
c:\users\joan abad\downloads\proyectajeedrezx\proyectajeedrezx\sfml\debug\pieza.obj
c:\users\joan abad\downloads\proyectajeedrezx\proyectajeedrezx\sfml\debug\peon.obj
c:\users\joan abad\downloads\proyectajeedrezx\proyectajeedrezx\sfml\debug\caballo.obj
c:\users\joan abad\downloads\proyectajeedrezx\proyectajeedrezx\sfml\debug\alfil.obj
c:\users\joan abad\documents\joan abad\sfml\sfml_ajedrez\sfml_cliente\sfml\debug\vc142.pdb
c:\users\joan abad\documents\joan abad\sfml\sfml_ajedrez\sfml_cliente\sfml\debug\vc142.idb
c:\users\joan abad\documents\joan abad\sfml\sfml_ajedrez\sfml_cliente\sfml\debug\utils.obj
c:\users\joan abad\documents\joan abad\sfml\sfml_ajedrez\sfml_cliente\sfml\debug\torre.obj
c:\users\joan abad\documents\joan abad\sfml\sfml_ajedrez\sfml_cliente\sfml\debug\tablero.obj
c:\users\joan abad\documents\joan abad\sfml\sfml_ajedrez\sfml_cliente\sfml\debug\rey.obj
c:\users\joan abad\documents\joan abad\sfml\sfml_ajedrez\sfml_cliente\sfml\debug\reina.obj
c:\users\joan abad\documents\joan abad\sfml\sfml_ajedrez\sfml_cliente\sfml\debug\playerinput.obj
c:\users\joan abad\documents\joan abad\sfml\sfml_ajedrez\sfml_cliente\sfml\debug\pieza.obj
c:\users\joan abad\documents\joan abad\sfml\sfml_ajedrez\sfml_cliente\sfml\debug\peon.obj
c:\users\joan abad\documents\joan abad\sfml\sfml_ajedrez\sfml_cliente\sfml\debug\conectarserver.obj
c:\users\joan abad\documents\joan abad\sfml\sfml_ajedrez\sfml_cliente\sfml\debug\caballo.obj
c:\users\joan abad\documents\joan abad\sfml\sfml_ajedrez\sfml_cliente\sfml\debug\alfil.obj
c:\users\joan abad\documents\joan abad\sfml\sfml_ajedrez\sfml_cliente\sfml\debug\sfml.obj
c:\users\joan abad\documents\joan abad\sfml\sfml_ajedrez\sfml_cliente\sfml\debug\gameloop.obj
c:\users\joan abad\downloads\proyectajeedrezx\proyectajeedrezx\debug\sfml.exe
c:\users\joan abad\downloads\proyectajeedrezx\proyectajeedrezx\debug\sfml.ilk
c:\users\joan abad\downloads\proyectajeedrezx\proyectajeedrezx\debug\sfml.pdb
c:\users\joan abad\documents\joan abad\sfml\sfml_ajedrez\sfml_cliente\debug\sfml.exe
c:\users\joan abad\documents\joan abad\sfml\sfml_ajedrez\sfml_cliente\debug\sfml.ilk
c:\users\joan abad\documents\joan abad\sfml\sfml_ajedrez\sfml_cliente\debug\sfml.pdb
c:\users\joan abad\documents\joan abad\sfml\sfml_ajedrez\sfml_cliente\sfml\debug\sfml.tlog\cl.command.1.tlog
c:\users\joan abad\documents\joan abad\sfml\sfml_ajedrez\sfml_cliente\sfml\debug\sfml.tlog\cl.read.1.tlog
c:\users\joan abad\documents\joan abad\sfml\sfml_ajedrez\sfml_cliente\sfml\debug\sfml.tlog\cl.write.1.tlog
c:\users\joan abad\documents\joan abad\sfml\sfml_ajedrez\sfml_cliente\sfml\debug\sfml.tlog\link.command.1.tlog
c:\users\joan abad\documents\joan abad\sfml\sfml_ajedrez\sfml_cliente\sfml\debug\sfml.tlog\link.read.1.tlog
c:\users\joan abad\documents\joan abad\sfml\sfml_ajedrez\sfml_cliente\sfml\debug\sfml.tlog\link.write.1.tlog
